<?xml version="1.0" encoding="UTF-8"?>
<testsuite name="com.shutl.controller.QuoteControllerFunctionalTest" tests="2" skipped="0" failures="0" errors="0" timestamp="2019-05-02T14:45:50" hostname="LM-LHR-00904656" time="0.147">
  <properties/>
  <testcase name="testBasicService" classname="com.shutl.controller.QuoteControllerFunctionalTest" time="0.137"/>
  <testcase name="testVariablePricingByDistance" classname="com.shutl.controller.QuoteControllerFunctionalTest" time="0.01"/>
  <system-out><![CDATA[15:45:48.502 [Test worker] DEBUG o.s.t.c.j.SpringJUnit4ClassRunner - SpringJUnit4ClassRunner constructor called with [class com.shutl.controller.QuoteControllerFunctionalTest]
15:45:48.509 [Test worker] DEBUG o.s.test.context.BootstrapUtils - Instantiating CacheAwareContextLoaderDelegate from class [org.springframework.test.context.cache.DefaultCacheAwareContextLoaderDelegate]
15:45:48.513 [Test worker] DEBUG o.s.test.context.BootstrapUtils - Instantiating BootstrapContext using constructor [public org.springframework.test.context.support.DefaultBootstrapContext(java.lang.Class,org.springframework.test.context.CacheAwareContextLoaderDelegate)]
15:45:48.523 [Test worker] DEBUG o.s.test.context.BootstrapUtils - Instantiating TestContextBootstrapper for test class [com.shutl.controller.QuoteControllerFunctionalTest] from class [org.springframework.test.context.web.WebTestContextBootstrapper]
15:45:48.538 [Test worker] DEBUG o.s.t.c.w.WebTestContextBootstrapper - Found explicit ContextLoader class [org.springframework.boot.test.SpringApplicationContextLoader] for context configuration attributes [ContextConfigurationAttributes@2d75e536 declaringClass = 'com.shutl.controller.QuoteControllerFunctionalTest', classes = '{class com.shutl.Application}', locations = '{}', inheritLocations = true, initializers = '{}', inheritInitializers = true, name = [null], contextLoaderClass = 'org.springframework.boot.test.SpringApplicationContextLoader']
15:45:48.541 [Test worker] DEBUG o.s.t.c.s.AbstractContextLoader - Did not detect default resource location for test class [com.shutl.controller.QuoteControllerFunctionalTest]: class path resource [com/shutl/controller/QuoteControllerFunctionalTest-context.xml] does not exist
15:45:48.541 [Test worker] DEBUG o.s.t.c.s.AbstractContextLoader - Did not detect default resource location for test class [com.shutl.controller.QuoteControllerFunctionalTest]: class path resource [com/shutl/controller/QuoteControllerFunctionalTestContext.groovy] does not exist
15:45:48.542 [Test worker] INFO  o.s.t.c.s.AbstractContextLoader - Could not detect default resource locations for test class [com.shutl.controller.QuoteControllerFunctionalTest]: no resource found for suffixes {-context.xml, Context.groovy}.
15:45:48.543 [Test worker] DEBUG o.s.t.c.support.ActiveProfilesUtils - Could not find an 'annotation declaring class' for annotation type [org.springframework.test.context.ActiveProfiles] and class [com.shutl.controller.QuoteControllerFunctionalTest]
15:45:48.546 [Test worker] DEBUG o.s.t.c.w.WebTestContextBootstrapper - @TestExecutionListeners is not present for class [com.shutl.controller.QuoteControllerFunctionalTest]: using defaults.
15:45:48.551 [Test worker] INFO  o.s.t.c.w.WebTestContextBootstrapper - Loaded default TestExecutionListener class names from location [META-INF/spring.factories]: [org.springframework.test.context.web.ServletTestExecutionListener, org.springframework.test.context.support.DirtiesContextBeforeModesTestExecutionListener, org.springframework.test.context.support.DependencyInjectionTestExecutionListener, org.springframework.test.context.support.DirtiesContextTestExecutionListener, org.springframework.test.context.transaction.TransactionalTestExecutionListener, org.springframework.test.context.jdbc.SqlScriptsTestExecutionListener]
15:45:48.557 [Test worker] INFO  o.s.t.c.w.WebTestContextBootstrapper - Could not instantiate TestExecutionListener [org.springframework.test.context.jdbc.SqlScriptsTestExecutionListener]. Specify custom listener classes or make the default listener classes (and their required dependencies) available. Offending class: [org/springframework/transaction/interceptor/TransactionAttribute]
15:45:48.558 [Test worker] INFO  o.s.t.c.w.WebTestContextBootstrapper - Could not instantiate TestExecutionListener [org.springframework.test.context.transaction.TransactionalTestExecutionListener]. Specify custom listener classes or make the default listener classes (and their required dependencies) available. Offending class: [org/springframework/transaction/interceptor/TransactionAttributeSource]
15:45:48.559 [Test worker] INFO  o.s.t.c.w.WebTestContextBootstrapper - Using TestExecutionListeners: [org.springframework.test.context.web.ServletTestExecutionListener@72c3f83c, org.springframework.test.context.support.DirtiesContextBeforeModesTestExecutionListener@4595a38b, org.springframework.test.context.support.DependencyInjectionTestExecutionListener@1a52d0ea, org.springframework.test.context.support.DirtiesContextTestExecutionListener@4bd76c5c]
15:45:48.561 [Test worker] DEBUG o.s.t.annotation.ProfileValueUtils - Retrieved @ProfileValueSourceConfiguration [null] for test class [com.shutl.controller.QuoteControllerFunctionalTest]
15:45:48.561 [Test worker] DEBUG o.s.t.annotation.ProfileValueUtils - Retrieved ProfileValueSource type [class org.springframework.test.annotation.SystemProfileValueSource] for class [com.shutl.controller.QuoteControllerFunctionalTest]
15:45:48.562 [Test worker] DEBUG o.s.t.annotation.ProfileValueUtils - Retrieved @ProfileValueSourceConfiguration [null] for test class [com.shutl.controller.QuoteControllerFunctionalTest]
15:45:48.562 [Test worker] DEBUG o.s.t.annotation.ProfileValueUtils - Retrieved ProfileValueSource type [class org.springframework.test.annotation.SystemProfileValueSource] for class [com.shutl.controller.QuoteControllerFunctionalTest]
15:45:48.564 [Test worker] DEBUG o.s.t.c.s.AbstractDirtiesContextTestExecutionListener - Before test class: context [DefaultTestContext@1c2fc756 testClass = QuoteControllerFunctionalTest, testInstance = [null], testMethod = [null], testException = [null], mergedContextConfiguration = [WebMergedContextConfiguration@4506cad5 testClass = QuoteControllerFunctionalTest, locations = '{}', classes = '{class com.shutl.Application}', contextInitializerClasses = '[]', activeProfiles = '{}', propertySourceLocations = '{}', propertySourceProperties = '{}', resourceBasePath = 'src/main/webapp', contextLoader = 'org.springframework.boot.test.SpringApplicationContextLoader', parent = [null]]], class annotated with @DirtiesContext [false] with mode [null].
15:45:48.565 [Test worker] DEBUG o.s.t.annotation.ProfileValueUtils - Retrieved @ProfileValueSourceConfiguration [null] for test class [com.shutl.controller.QuoteControllerFunctionalTest]
15:45:48.565 [Test worker] DEBUG o.s.t.annotation.ProfileValueUtils - Retrieved ProfileValueSource type [class org.springframework.test.annotation.SystemProfileValueSource] for class [com.shutl.controller.QuoteControllerFunctionalTest]
15:45:48.716 [Test worker] DEBUG o.s.core.env.StandardEnvironment - Adding [systemProperties] PropertySource with lowest search precedence
15:45:48.717 [Test worker] DEBUG o.s.core.env.StandardEnvironment - Adding [systemEnvironment] PropertySource with lowest search precedence
15:45:48.717 [Test worker] DEBUG o.s.core.env.StandardEnvironment - Initialized StandardEnvironment with PropertySources [systemProperties,systemEnvironment]
15:45:48.718 [Test worker] DEBUG o.s.core.env.StandardEnvironment - Adding [integrationTest] PropertySource with search precedence immediately lower than [systemEnvironment]

  .   ____          _            __ _ _
 /\\ / ___'_ __ _ _(_)_ __  __ _ \ \ \ \
( ( )\___ | '_ | '_| | '_ \/ _` | \ \ \ \
 \\/  ___)| |_)| | | | | || (_| |  ) ) ) )
  '  |____| .__|_| |_|_| |_\__, | / / / /
 =========|_|==============|___/=/_/_/_/
 :: Spring Boot ::        (v1.3.3.RELEASE)

2019-05-02 15:45:48.921  INFO 76108 --- [    Test worker] c.s.c.QuoteControllerFunctionalTest      : Starting QuoteControllerFunctionalTest on LM-LHR-00904656 with PID 76108 (/Users/matthwood/Projects/Shutl/take_home_exercise_intern/build/classes/java/test started by matthwood in /Users/matthwood/Projects/Shutl/take_home_exercise_intern)
2019-05-02 15:45:48.922  INFO 76108 --- [    Test worker] c.s.c.QuoteControllerFunctionalTest      : No active profile set, falling back to default profiles: default
2019-05-02 15:45:48.976  INFO 76108 --- [    Test worker] o.s.w.c.s.GenericWebApplicationContext   : Refreshing org.springframework.web.context.support.GenericWebApplicationContext@2e94c97d: startup date [Thu May 02 15:45:48 BST 2019]; root of context hierarchy
2019-05-02 15:45:49.448  INFO 76108 --- [    Test worker] o.s.b.f.s.DefaultListableBeanFactory     : Overriding bean definition for bean 'beanNameViewResolver' with a different definition: replacing [Root bean: class [null]; scope=; abstract=false; lazyInit=false; autowireMode=3; dependencyCheck=0; autowireCandidate=true; primary=false; factoryBeanName=org.springframework.boot.autoconfigure.web.ErrorMvcAutoConfiguration$WhitelabelErrorViewConfiguration; factoryMethodName=beanNameViewResolver; initMethodName=null; destroyMethodName=(inferred); defined in class path resource [org/springframework/boot/autoconfigure/web/ErrorMvcAutoConfiguration$WhitelabelErrorViewConfiguration.class]] with [Root bean: class [null]; scope=; abstract=false; lazyInit=false; autowireMode=3; dependencyCheck=0; autowireCandidate=true; primary=false; factoryBeanName=org.springframework.boot.autoconfigure.web.WebMvcAutoConfiguration$WebMvcAutoConfigurationAdapter; factoryMethodName=beanNameViewResolver; initMethodName=null; destroyMethodName=(inferred); defined in class path resource [org/springframework/boot/autoconfigure/web/WebMvcAutoConfiguration$WebMvcAutoConfigurationAdapter.class]]
2019-05-02 15:45:50.190  INFO 76108 --- [    Test worker] s.w.s.m.m.a.RequestMappingHandlerAdapter : Looking for @ControllerAdvice: org.springframework.web.context.support.GenericWebApplicationContext@2e94c97d: startup date [Thu May 02 15:45:48 BST 2019]; root of context hierarchy
2019-05-02 15:45:50.245  INFO 76108 --- [    Test worker] s.w.s.m.m.a.RequestMappingHandlerMapping : Mapped "{[/quote],methods=[POST]}" onto public com.shutl.model.Quote com.shutl.controller.QuoteController.quote(com.shutl.model.Quote)
2019-05-02 15:45:50.247  INFO 76108 --- [    Test worker] s.w.s.m.m.a.RequestMappingHandlerMapping : Mapped "{[/error]}" onto public org.springframework.http.ResponseEntity<java.util.Map<java.lang.String, java.lang.Object>> org.springframework.boot.autoconfigure.web.BasicErrorController.error(javax.servlet.http.HttpServletRequest)
2019-05-02 15:45:50.248  INFO 76108 --- [    Test worker] s.w.s.m.m.a.RequestMappingHandlerMapping : Mapped "{[/error],produces=[text/html]}" onto public org.springframework.web.servlet.ModelAndView org.springframework.boot.autoconfigure.web.BasicErrorController.errorHtml(javax.servlet.http.HttpServletRequest,javax.servlet.http.HttpServletResponse)
2019-05-02 15:45:50.272  INFO 76108 --- [    Test worker] o.s.w.s.handler.SimpleUrlHandlerMapping  : Mapped URL path [/webjars/**] onto handler of type [class org.springframework.web.servlet.resource.ResourceHttpRequestHandler]
2019-05-02 15:45:50.272  INFO 76108 --- [    Test worker] o.s.w.s.handler.SimpleUrlHandlerMapping  : Mapped URL path [/**] onto handler of type [class org.springframework.web.servlet.resource.ResourceHttpRequestHandler]
2019-05-02 15:45:50.305  INFO 76108 --- [    Test worker] o.s.w.s.handler.SimpleUrlHandlerMapping  : Mapped URL path [/**/favicon.ico] onto handler of type [class org.springframework.web.servlet.resource.ResourceHttpRequestHandler]
2019-05-02 15:45:50.417  INFO 76108 --- [    Test worker] c.s.c.QuoteControllerFunctionalTest      : Started QuoteControllerFunctionalTest in 1.691 seconds (JVM running for 2.434)
2019-05-02 15:45:50.433  INFO 76108 --- [    Test worker] o.s.b.test.SpringBootMockServletContext  : Initializing Spring FrameworkServlet ''
2019-05-02 15:45:50.433  INFO 76108 --- [    Test worker] o.s.t.web.servlet.TestDispatcherServlet  : FrameworkServlet '': initialization started
2019-05-02 15:45:50.440  INFO 76108 --- [    Test worker] o.s.t.web.servlet.TestDispatcherServlet  : FrameworkServlet '': initialization completed in 7 ms
2019-05-02 15:45:50.566  INFO 76108 --- [    Test worker] o.s.b.test.SpringBootMockServletContext  : Initializing Spring FrameworkServlet ''
2019-05-02 15:45:50.566  INFO 76108 --- [    Test worker] o.s.t.web.servlet.TestDispatcherServlet  : FrameworkServlet '': initialization started
2019-05-02 15:45:50.568  INFO 76108 --- [    Test worker] o.s.t.web.servlet.TestDispatcherServlet  : FrameworkServlet '': initialization completed in 2 ms
]]></system-out>
  <system-err><![CDATA[]]></system-err>
</testsuite>
